<?xml version="1.0" encoding="UTF-8"?>
<testsuite xmlns:xsi="http://www.w3.org/2001/XMLSchema-instance" xsi:noNamespaceSchemaLocation="https://maven.apache.org/surefire/maven-surefire-plugin/xsd/surefire-test-report-3.0.xsd" version="3.0" name="com.nexus.file.util.CDNUtilTest" time="0.563" tests="8" errors="0" skipped="0" failures="0">
  <properties>
[...]
</properties>
  <testcase name="testGetCDNBaseUrl_ValidConfig" classname="com.nexus.file.util.CDNUtilTest" time="0.502">
    <system-out><![CDATA[11:05:48.297 [main] DEBUG com.nexus.file.util.CDNUtil - CDN配置验证结果: true
11:05:48.307 [main] DEBUG com.nexus.file.util.CDNUtil - 获取CDN基础URL: https://cdn.example.com
]]></system-out>
  </testcase>
  <testcase name="testIsCDNConfigValid_ValidConfig" classname="com.nexus.file.util.CDNUtilTest" time="0.003">
    <system-out><![CDATA[11:05:48.321 [main] DEBUG com.nexus.file.util.CDNUtil - CDN配置验证结果: true
]]></system-out>
  </testcase>
  <testcase name="testBuildCDNUrl_WithCDNDisabled" classname="com.nexus.file.util.CDNUtilTest" time="0.003">
    <system-out><![CDATA[11:05:48.325 [main] DEBUG com.nexus.file.util.CDNUtil - CDN未启用
]]></system-out>
  </testcase>
  <testcase name="testIsCDNConfigValid_InvalidConfig" classname="com.nexus.file.util.CDNUtilTest" time="0.003">
    <system-out><![CDATA[11:05:48.330 [main] DEBUG com.nexus.file.util.CDNUtil - CDN配置验证结果: false
]]></system-out>
  </testcase>
  <testcase name="testBuildCDNUrl_WithSpecialCharactersInFileName" classname="com.nexus.file.util.CDNUtilTest" time="0.007">
    <system-out><![CDATA[11:05:48.338 [main] DEBUG com.nexus.file.util.CDNUtil - 构建CDN URL: https://cdn.example.com/test-bucket/test%20file%20with%20spaces.jpg
]]></system-out>
  </testcase>
  <testcase name="testBuildCDNUrl_WithEmptyDomain" classname="com.nexus.file.util.CDNUtilTest" time="0.005">
    <system-out><![CDATA[11:05:48.344 [main] WARN com.nexus.file.util.CDNUtil - CDN域名未配置
]]></system-out>
  </testcase>
  <testcase name="testGetCDNBaseUrl_InvalidConfig" classname="com.nexus.file.util.CDNUtilTest" time="0.003">
    <system-out><![CDATA[11:05:48.347 [main] DEBUG com.nexus.file.util.CDNUtil - CDN配置验证结果: false
11:05:48.347 [main] DEBUG com.nexus.file.util.CDNUtil - CDN配置无效，无法获取基础URL
]]></system-out>
  </testcase>
  <testcase name="testBuildCDNUrl_WithValidConfig" classname="com.nexus.file.util.CDNUtilTest" time="0.003">
    <system-out><![CDATA[11:05:48.352 [main] DEBUG com.nexus.file.util.CDNUtil - 构建CDN URL: https://cdn.example.com/test-bucket/test-file.jpg
]]></system-out>
  </testcase>
</testsuite>