<?xml version="1.0" encoding="UTF-8"?>
<testsuite xmlns:xsi="http://www.w3.org/2001/XMLSchema-instance" xsi:noNamespaceSchemaLocation="https://maven.apache.org/surefire/maven-surefire-plugin/xsd/surefire-test-report-3.0.xsd" version="3.0" name="com.nexus.common.cache.MultilevelCacheTest" time="0.768" tests="1" errors="0" skipped="0" failures="0">
  <properties>
[...]
</properties>
  <testcase name="testMultilevelCache" classname="com.nexus.common.cache.MultilevelCacheTest" time="0.752">
    <system-out><![CDATA[11:05:46.003 [main] DEBUG com.nexus.common.cache.MultilevelCacheManager - 数据已放入多级缓存，key: testKey
11:05:46.009 [main] DEBUG com.nexus.common.cache.MultilevelCacheManager - 从本地缓存获取数据，key: testKey
11:05:46.014 [main] DEBUG com.nexus.common.cache.MultilevelCacheManager - 从多级缓存中删除数据，key: testKey
11:05:46.015 [main] DEBUG com.nexus.common.cache.MultilevelCacheManager - 缓存未命中，key: testKey
]]></system-out>
  </testcase>
</testsuite>